v ATLAS
# This file was created by ATLAS version 5.26.1.R on Sun May 14 14:38:50 2023.
#SSF 2.0 generic
##############################################################################
#                    Copyright (c) 1984 - 2018                               #
#                    Silvaco Inc. All rights reserved                        #
#                                                                            #
# This file format and the following Key are copyright Silvaco Inc.          #
# You may not use, this format or key without reproducing this message in    #
# full and obtaining express written permission from Silvaco Inc.            #
#                                                                            #
# To obtain such permission please contact: Silvaco Inc.                     #
#                                           support@silvaco.com              #
#                                                                            #
# KEY=SVC86hn7562asdx                       PROD=345                         #
##############################################################################
y 1 15
z 300
f 2 "anode" "cathode" 
p 6 2 601 20 3 602 21 
d 0.000000000e+000 0.000000000e+000 7.286587643e-014 0.000000000e+000 0.000000000e+000 7.499707099e-017 
d -3.000000000e+000 -3.000000000e+000 6.751692070e-014 0.000000000e+000 0.000000000e+000 2.729267253e-017 
d -6.000000000e+000 -6.000000000e+000 5.594571036e-014 0.000000000e+000 0.000000000e+000 -6.142985478e-017 
d -9.000000000e+000 -9.000000000e+000 9.486209230e-014 0.000000000e+000 0.000000000e+000 -1.356659157e-017 
d -1.200000000e+001 -1.200000000e+001 8.078014765e-015 0.000000000e+000 0.000000000e+000 -3.069529312e-016 
d -1.500000000e+001 -1.500000000e+001 1.387453617e-013 0.000000000e+000 0.000000000e+000 -6.003688368e-016 
d -1.800000000e+001 -1.800000000e+001 1.300123728e-013 0.000000000e+000 0.000000000e+000 -3.821617525e-016 
d -2.100000000e+001 -2.100000000e+001 -5.523615501e-014 0.000000000e+000 0.000000000e+000 -2.864572964e-016 
